<?xml version="1.0" encoding="UTF-8"?>
<!-- Generated by org.testng.reporters.JUnitReportReporter -->
<testsuite hostname="01HW1781033" failures="0" tests="5" name="SmokeTest" time="0.004" errors="0" timestamp="2024-04-27T00:17:45 IST" skipped="0">
  <testcase classname="SmokeTest" name="Regression5" time="0.001"/>
  <testcase classname="SmokeTest" name="Regression2" time="0.001"/>
  <testcase classname="SmokeTest" name="Regression4" time="0.001"/>
  <testcase classname="SmokeTest" name="Regression3" time="0.001"/>
  <testcase classname="SmokeTest" name="Regression1" time="0.000"/>
</testsuite> <!-- SmokeTest -->
